2023-07-15T06:21:30+00:00 CRITICAL Uncaught Error: Call to undefined function wp_header() in C:\xampp\htdocs\wordpressproject\wp-content\themes\astra-child\products-page.php:3
Stack trace:
#0 C:\xampp\htdocs\wordpressproject\wp-includes\template-loader.php(106): include()
#1 C:\xampp\htdocs\wordpressproject\wp-blog-header.php(19): require_once('C:\\xampp\\htdocs...')
#2 C:\xampp\htdocs\wordpressproject\index.php(17): require('C:\\xampp\\htdocs...')
#3 {main}
  thrown in C:\xampp\htdocs\wordpressproject\wp-content\themes\astra-child\products-page.php on line 3

2023-07-15T09:40:58+00:00 CRITICAL Uncaught Error: Failed opening required '/class-wp_wc_practical.php' (include_path='C:\xampp\php\PEAR') in C:\xampp\htdocs\wordpressproject\wp-content\themes\astra-child\functions.php:15
Stack trace:
#0 C:\xampp\htdocs\wordpressproject\wp-settings.php(591): include()
#1 C:\xampp\htdocs\wordpressproject\wp-config.php(96): require_once('C:\\xampp\\htdocs...')
#2 C:\xampp\htdocs\wordpressproject\wp-load.php(50): require_once('C:\\xampp\\htdocs...')
#3 C:\xampp\htdocs\wordpressproject\wp-blog-header.php(13): require_once('C:\\xampp\\htdocs...')
#4 C:\xampp\htdocs\wordpressproject\index.php(17): require('C:\\xampp\\htdocs...')
#5 {main}
  thrown in C:\xampp\htdocs\wordpressproject\wp-content\themes\astra-child\functions.php on line 15

2023-07-15T09:41:30+00:00 CRITICAL Uncaught Error: Failed opening required '/class-wp_wc_practical.php' (include_path='C:\xampp\php\PEAR') in C:\xampp\htdocs\wordpressproject\wp-content\themes\astra-child\functions.php:27
Stack trace:
#0 C:\xampp\htdocs\wordpressproject\wp-settings.php(591): include()
#1 C:\xampp\htdocs\wordpressproject\wp-config.php(96): require_once('C:\\xampp\\htdocs...')
#2 C:\xampp\htdocs\wordpressproject\wp-load.php(50): require_once('C:\\xampp\\htdocs...')
#3 C:\xampp\htdocs\wordpressproject\wp-blog-header.php(13): require_once('C:\\xampp\\htdocs...')
#4 C:\xampp\htdocs\wordpressproject\index.php(17): require('C:\\xampp\\htdocs...')
#5 {main}
  thrown in C:\xampp\htdocs\wordpressproject\wp-content\themes\astra-child\functions.php on line 27

2023-07-15T09:42:19+00:00 CRITICAL Uncaught Error: Failed opening required 'C:\xampp\htdocs\wordpressproject/wp-content/themes/astra/class-wp_wc_practical.php' (include_path='C:\xampp\php\PEAR') in C:\xampp\htdocs\wordpressproject\wp-content\themes\astra-child\functions.php:15
Stack trace:
#0 C:\xampp\htdocs\wordpressproject\wp-settings.php(591): include()
#1 C:\xampp\htdocs\wordpressproject\wp-config.php(96): require_once('C:\\xampp\\htdocs...')
#2 C:\xampp\htdocs\wordpressproject\wp-load.php(50): require_once('C:\\xampp\\htdocs...')
#3 C:\xampp\htdocs\wordpressproject\wp-blog-header.php(13): require_once('C:\\xampp\\htdocs...')
#4 C:\xampp\htdocs\wordpressproject\index.php(17): require('C:\\xampp\\htdocs...')
#5 {main}
  thrown in C:\xampp\htdocs\wordpressproject\wp-content\themes\astra-child\functions.php on line 15

